<?xml version="1.0" encoding="UTF-8"?>
<coverage generated="1651537143267" clover="3.2.0">
  <project timestamp="1651537143267" name="All files">
    <metrics statements="4" coveredstatements="4" conditionals="0" coveredconditionals="0" methods="1" coveredmethods="1" elements="5" coveredelements="5" complexity="0" loc="4" ncloc="4" packages="1" files="1" classes="1"/>
    <file name="Widget.tsx" path="/home/igor/www/nlw/web/src/components/Widget/Widget.tsx">
      <metrics statements="4" coveredstatements="4" conditionals="0" coveredconditionals="0" methods="1" coveredmethods="1"/>
      <line num="1" count="1" type="stmt"/>
      <line num="2" count="1" type="stmt"/>
      <line num="4" count="1" type="stmt"/>
      <line num="5" count="1" type="stmt"/>
    </file>
  </project>
</coverage>
