{"/home/igor/www/nlw/web/src/components/CloseButton/CloseButton.tsx": {"path":"/home/igor/www/nlw/web/src/components/CloseButton/CloseButton.tsx","statementMap":{"0":{"start":{"line":1,"column":43},"end":{"line":1,"column":null}},"1":{"start":{"line":2,"column":34},"end":{"line":2,"column":null}},"2":{"start":{"line":4,"column":27},"end":{"line":13,"column":1}},"3":{"start":{"line":5,"column":2},"end":{"line":11,"column":null}},"4":{"start":{"line":4,"column":13},"end":{"line":4,"column":27}}},"fnMap":{"0":{"name":"(anonymous_0)","decl":{"start":{"line":4,"column":27},"end":{"line":4,"column":33}},"loc":{"start":{"line":4,"column":33},"end":{"line":13,"column":1}}}},"branchMap":{},"s":{"0":1,"1":1,"2":1,"3":1,"4":1},"f":{"0":1},"b":{}}
,"/home/igor/www/nlw/web/src/components/Widget/WidgetButton.tsx": {"path":"/home/igor/www/nlw/web/src/components/Widget/WidgetButton.tsx","statementMap":{"0":{"start":{"line":1,"column":49},"end":{"line":1,"column":null}},"1":{"start":{"line":2,"column":43},"end":{"line":2,"column":null}},"2":{"start":{"line":3,"column":53},"end":{"line":3,"column":null}},"3":{"start":{"line":5,"column":28},"end":{"line":27,"column":1}},"4":{"start":{"line":6,"column":2},"end":{"line":25,"column":null}},"5":{"start":{"line":5,"column":13},"end":{"line":5,"column":28}}},"fnMap":{"0":{"name":"(anonymous_0)","decl":{"start":{"line":5,"column":28},"end":{"line":5,"column":34}},"loc":{"start":{"line":5,"column":34},"end":{"line":27,"column":1}}}},"branchMap":{},"s":{"0":1,"1":1,"2":1,"3":1,"4":2,"5":1},"f":{"0":2},"b":{}}
,"/home/igor/www/nlw/web/src/components/WidgetForm/WidgetForm.tsx": {"path":"/home/igor/www/nlw/web/src/components/WidgetForm/WidgetForm.tsx","statementMap":{"0":{"start":{"line":36,"column":16},"end":{"line":36,"column":29}},"1":{"start":{"line":1,"column":32},"end":{"line":1,"column":null}},"2":{"start":{"line":4,"column":46},"end":{"line":4,"column":null}},"3":{"start":{"line":5,"column":54},"end":{"line":5,"column":null}},"4":{"start":{"line":6,"column":48},"end":{"line":6,"column":null}},"5":{"start":{"line":7,"column":59},"end":{"line":7,"column":null}},"6":{"start":{"line":8,"column":65},"end":{"line":8,"column":null}},"7":{"start":{"line":10,"column":29},"end":{"line":32,"column":1}},"8":{"start":{"line":10,"column":13},"end":{"line":10,"column":29}},"9":{"start":{"line":37,"column":42},"end":{"line":37,"column":50}},"10":{"start":{"line":40,"column":4},"end":{"line":40,"column":26}},"11":{"start":{"line":43,"column":2},"end":{"line":66,"column":null}}},"fnMap":{"0":{"name":"WidgetForm","decl":{"start":{"line":36,"column":16},"end":{"line":36,"column":26}},"loc":{"start":{"line":36,"column":29},"end":{"line":68,"column":null}}},"1":{"name":"handleRestartFeedback","decl":{"start":{"line":39,"column":11},"end":{"line":39,"column":32}},"loc":{"start":{"line":39,"column":35},"end":{"line":41,"column":null}}}},"branchMap":{"0":{"loc":{"start":{"line":48,"column":7},"end":{"line":54,"column":10}},"type":"cond-expr","locations":[{"start":{"line":49,"column":8},"end":{"line":49,"column":null}},{"start":{"line":51,"column":8},"end":{"line":54,"column":10}}]}},"s":{"0":1,"1":1,"2":1,"3":1,"4":1,"5":1,"6":1,"7":1,"8":1,"9":1,"10":0,"11":1},"f":{"0":1,"1":0},"b":{"0":[1,0]}}
,"/home/igor/www/nlw/web/src/components/WidgetForm/Steps/FeedbackTypeContent.tsx": {"path":"/home/igor/www/nlw/web/src/components/WidgetForm/Steps/FeedbackTypeContent.tsx","statementMap":{"0":{"start":{"line":10,"column":16},"end":{"line":10,"column":36}},"1":{"start":{"line":1,"column":50},"end":{"line":1,"column":null}},"2":{"start":{"line":2,"column":59},"end":{"line":2,"column":null}},"3":{"start":{"line":3,"column":59},"end":{"line":3,"column":null}},"4":{"start":{"line":14,"column":27},"end":{"line":14,"column":54}},"5":{"start":{"line":16,"column":2},"end":{"line":60,"column":null}}},"fnMap":{"0":{"name":"FeedbackTypeContent","decl":{"start":{"line":10,"column":16},"end":{"line":10,"column":35}},"loc":{"start":{"line":13,"column":29},"end":{"line":62,"column":null}}}},"branchMap":{},"s":{"0":1,"1":1,"2":1,"3":1,"4":0,"5":0},"f":{"0":0},"b":{}}
,"/home/igor/www/nlw/web/src/components/WidgetForm/Steps/FeedbackTypeStep.tsx": {"path":"/home/igor/www/nlw/web/src/components/WidgetForm/Steps/FeedbackTypeStep.tsx","statementMap":{"0":{"start":{"line":8,"column":16},"end":{"line":8,"column":33}},"1":{"start":{"line":1,"column":59},"end":{"line":1,"column":null}},"2":{"start":{"line":2,"column":59},"end":{"line":2,"column":null}},"3":{"start":{"line":11,"column":2},"end":{"line":33,"column":null}},"4":{"start":{"line":20,"column":10},"end":{"line":29,"column":null}},"5":{"start":{"line":24,"column":29},"end":{"line":24,"column":71}}},"fnMap":{"0":{"name":"FeedbackTypeStep","decl":{"start":{"line":8,"column":16},"end":{"line":8,"column":32}},"loc":{"start":{"line":10,"column":26},"end":{"line":35,"column":null}}},"1":{"name":"(anonymous_1)","decl":{"start":{"line":19,"column":43},"end":{"line":19,"column":44}},"loc":{"start":{"line":19,"column":61},"end":{"line":31,"column":10}}},"2":{"name":"(anonymous_2)","decl":{"start":{"line":24,"column":23},"end":{"line":24,"column":29}},"loc":{"start":{"line":24,"column":29},"end":{"line":24,"column":71}}}},"branchMap":{},"s":{"0":1,"1":1,"2":1,"3":1,"4":3,"5":0},"f":{"0":1,"1":3,"2":0},"b":{}}
}
