TN:
SF:src/components/CloseButton/CloseButton.tsx
FN:4,(anonymous_0)
FNF:1
FNH:1
FNDA:1,(anonymous_0)
DA:1,1
DA:2,1
DA:4,1
DA:5,1
LF:4
LH:4
BRF:0
BRH:0
end_of_record
TN:
SF:src/components/Widget/WidgetButton.tsx
FN:5,(anonymous_0)
FNF:1
FNH:1
FNDA:2,(anonymous_0)
DA:1,1
DA:2,1
DA:3,1
DA:5,1
DA:6,2
LF:5
LH:5
BRF:0
BRH:0
end_of_record
TN:
SF:src/components/WidgetForm/WidgetForm.tsx
FN:36,WidgetForm
FN:39,handleRestartFeedback
FNF:2
FNH:1
FNDA:1,WidgetForm
FNDA:0,handleRestartFeedback
DA:1,1
DA:4,1
DA:5,1
DA:6,1
DA:7,1
DA:8,1
DA:10,1
DA:36,1
DA:37,1
DA:40,0
DA:43,1
LF:11
LH:10
BRDA:48,0,0,1
BRDA:48,0,1,0
BRF:2
BRH:1
end_of_record
TN:
SF:src/components/WidgetForm/Steps/FeedbackTypeContent.tsx
FN:10,FeedbackTypeContent
FNF:1
FNH:0
FNDA:0,FeedbackTypeContent
DA:1,1
DA:2,1
DA:3,1
DA:10,1
DA:14,0
DA:16,0
LF:6
LH:4
BRF:0
BRH:0
end_of_record
TN:
SF:src/components/WidgetForm/Steps/FeedbackTypeStep.tsx
FN:8,FeedbackTypeStep
FN:19,(anonymous_1)
FN:24,(anonymous_2)
FNF:3
FNH:2
FNDA:1,FeedbackTypeStep
FNDA:3,(anonymous_1)
FNDA:0,(anonymous_2)
DA:1,1
DA:2,1
DA:8,1
DA:11,1
DA:20,3
DA:24,0
LF:6
LH:5
BRF:0
BRH:0
end_of_record
